<?xml version="1.0" encoding="UTF-8"?>
<coverage generated="1658989224619" clover="3.2.0">
  <project timestamp="1658989224620" name="All files">
    <metrics statements="61" coveredstatements="61" conditionals="20" coveredconditionals="20" methods="19" coveredmethods="19" elements="100" coveredelements="100" complexity="0" loc="61" ncloc="61" packages="1" files="5" classes="5"/>
    <file name="Account.ts" path="/home/wesleysantos/Área de Trabalho/scripts/WPBlazeTS/src/Account.ts">
      <metrics statements="2" coveredstatements="2" conditionals="1" coveredconditionals="1" methods="1" coveredmethods="1"/>
      <line num="1" count="1" type="stmt"/>
      <line num="2" count="2" type="cond" truecount="1" falsecount="0"/>
    </file>
    <file name="Bet.ts" path="/home/wesleysantos/Área de Trabalho/scripts/WPBlazeTS/src/Bet.ts">
      <metrics statements="6" coveredstatements="6" conditionals="0" coveredconditionals="0" methods="1" coveredmethods="1"/>
      <line num="1" count="1" type="stmt"/>
      <line num="3" count="1" type="stmt"/>
      <line num="4" count="1" type="stmt"/>
      <line num="5" count="1" type="stmt"/>
      <line num="6" count="1" type="stmt"/>
      <line num="7" count="1" type="stmt"/>
    </file>
    <file name="Config.ts" path="/home/wesleysantos/Área de Trabalho/scripts/WPBlazeTS/src/Config.ts">
      <metrics statements="8" coveredstatements="8" conditionals="7" coveredconditionals="7" methods="1" coveredmethods="1"/>
      <line num="2" count="2" type="stmt"/>
      <line num="4" count="15" type="cond" truecount="1" falsecount="0"/>
      <line num="5" count="15" type="cond" truecount="1" falsecount="0"/>
      <line num="6" count="15" type="cond" truecount="1" falsecount="0"/>
      <line num="7" count="15" type="cond" truecount="1" falsecount="0"/>
      <line num="8" count="15" type="cond" truecount="1" falsecount="0"/>
      <line num="9" count="15" type="cond" truecount="1" falsecount="0"/>
      <line num="10" count="15" type="cond" truecount="1" falsecount="0"/>
    </file>
    <file name="RiskManagement.ts" path="/home/wesleysantos/Área de Trabalho/scripts/WPBlazeTS/src/RiskManagement.ts">
      <metrics statements="36" coveredstatements="36" conditionals="12" coveredconditionals="12" methods="15" coveredmethods="15"/>
      <line num="1" count="1" type="stmt"/>
      <line num="3" count="1" type="stmt"/>
      <line num="4" count="14" type="stmt"/>
      <line num="5" count="14" type="stmt"/>
      <line num="6" count="14" type="stmt"/>
      <line num="7" count="14" type="stmt"/>
      <line num="9" count="14" type="cond" truecount="2" falsecount="0"/>
      <line num="10" count="14" type="stmt"/>
      <line num="11" count="14" type="stmt"/>
      <line num="15" count="3" type="cond" truecount="1" falsecount="0"/>
      <line num="16" count="2" type="cond" truecount="1" falsecount="0"/>
      <line num="17" count="1" type="stmt"/>
      <line num="18" count="1" type="stmt"/>
      <line num="20" count="1" type="stmt"/>
      <line num="21" count="1" type="stmt"/>
      <line num="25" count="10" type="cond" truecount="1" falsecount="0"/>
      <line num="26" count="9" type="cond" truecount="1" falsecount="0"/>
      <line num="27" count="7" type="stmt"/>
      <line num="28" count="7" type="stmt"/>
      <line num="32" count="1" type="stmt"/>
      <line num="33" count="1" type="stmt"/>
      <line num="37" count="4" type="stmt"/>
      <line num="41" count="10" type="stmt"/>
      <line num="45" count="1" type="stmt"/>
      <line num="49" count="2" type="stmt"/>
      <line num="53" count="4" type="stmt"/>
      <line num="57" count="4" type="stmt"/>
      <line num="61" count="2" type="stmt"/>
      <line num="65" count="1" type="stmt"/>
      <line num="69" count="8" type="cond" truecount="1" falsecount="0"/>
      <line num="70" count="5" type="stmt"/>
      <line num="74" count="2" type="stmt"/>
      <line num="78" count="9" type="cond" truecount="1" falsecount="0"/>
      <line num="79" count="3" type="cond" truecount="2" falsecount="0"/>
      <line num="80" count="3" type="cond" truecount="1" falsecount="0"/>
      <line num="81" count="1" type="stmt"/>
    </file>
    <file name="Wallet.ts" path="/home/wesleysantos/Área de Trabalho/scripts/WPBlazeTS/src/Wallet.ts">
      <metrics statements="9" coveredstatements="9" conditionals="0" coveredconditionals="0" methods="1" coveredmethods="1"/>
      <line num="1" count="2" type="stmt"/>
      <line num="3" count="2" type="stmt"/>
      <line num="4" count="2" type="stmt"/>
      <line num="5" count="2" type="stmt"/>
      <line num="6" count="2" type="stmt"/>
      <line num="7" count="2" type="stmt"/>
      <line num="8" count="2" type="stmt"/>
      <line num="9" count="2" type="stmt"/>
      <line num="10" count="2" type="stmt"/>
    </file>
  </project>
</coverage>
