{"/home/wesleysantos/Área de Trabalho/scripts/WPBlazeTS/src/Account.ts": {"path":"/home/wesleysantos/Área de Trabalho/scripts/WPBlazeTS/src/Account.ts","statementMap":{"0":{"start":{"line":2,"column":25},"end":{"line":2,"column":41}},"1":{"start":{"line":2,"column":52},"end":{"line":2,"column":70}},"2":{"start":{"line":1,"column":0},"end":{"line":1,"column":21}}},"fnMap":{"0":{"name":"(anonymous_0)","decl":{"start":{"line":2,"column":4},"end":{"line":2,"column":25}},"loc":{"start":{"line":2,"column":71},"end":{"line":2,"column":74}}}},"branchMap":{"0":{"loc":{"start":{"line":2,"column":52},"end":{"line":2,"column":71}},"type":"default-arg","locations":[{"start":{"line":2,"column":70},"end":{"line":2,"column":71}}]}},"s":{"0":2,"1":2,"2":1},"f":{"0":2},"b":{"0":[1]}}
,"/home/wesleysantos/Área de Trabalho/scripts/WPBlazeTS/src/Bet.ts": {"path":"/home/wesleysantos/Área de Trabalho/scripts/WPBlazeTS/src/Bet.ts","statementMap":{"0":{"start":{"line":3,"column":17},"end":{"line":3,"column":31}},"1":{"start":{"line":4,"column":17},"end":{"line":4,"column":38}},"2":{"start":{"line":5,"column":17},"end":{"line":5,"column":30}},"3":{"start":{"line":6,"column":17},"end":{"line":6,"column":34}},"4":{"start":{"line":7,"column":17},"end":{"line":7,"column":34}},"5":{"start":{"line":1,"column":0},"end":{"line":1,"column":21}}},"fnMap":{"0":{"name":"(anonymous_0)","decl":{"start":{"line":2,"column":4},"end":{"line":2,"column":null}},"loc":{"start":{"line":7,"column":34},"end":{"line":8,"column":8}}}},"branchMap":{},"s":{"0":1,"1":1,"2":1,"3":1,"4":1,"5":1},"f":{"0":1},"b":{}}
,"/home/wesleysantos/Área de Trabalho/scripts/WPBlazeTS/src/RiskManagement.ts": {"path":"/home/wesleysantos/Área de Trabalho/scripts/WPBlazeTS/src/RiskManagement.ts","statementMap":{"0":{"start":{"line":2,"column":23},"end":{"line":2,"column":41}},"1":{"start":{"line":2,"column":51},"end":{"line":2,"column":66}},"2":{"start":{"line":3,"column":8},"end":{"line":3,"column":64}},"3":{"start":{"line":7,"column":8},"end":{"line":14,"column":10}},"4":{"start":{"line":1,"column":0},"end":{"line":1,"column":21}}},"fnMap":{"0":{"name":"(anonymous_0)","decl":{"start":{"line":2,"column":4},"end":{"line":2,"column":23}},"loc":{"start":{"line":2,"column":66},"end":{"line":4,"column":5}}},"1":{"name":"(anonymous_1)","decl":{"start":{"line":6,"column":12},"end":{"line":6,"column":28}},"loc":{"start":{"line":6,"column":28},"end":{"line":15,"column":5}}}},"branchMap":{"0":{"loc":{"start":{"line":2,"column":23},"end":{"line":2,"column":42}},"type":"default-arg","locations":[{"start":{"line":2,"column":41},"end":{"line":2,"column":42}}]},"1":{"loc":{"start":{"line":3,"column":22},"end":{"line":3,"column":63}},"type":"cond-expr","locations":[{"start":{"line":3,"column":31},"end":{"line":3,"column":37}},{"start":{"line":3,"column":40},"end":{"line":3,"column":63}}]}},"s":{"0":2,"1":2,"2":2,"3":1,"4":1},"f":{"0":2,"1":1},"b":{"0":[1],"1":[1,1]}}
,"/home/wesleysantos/Área de Trabalho/scripts/WPBlazeTS/src/Wallet.ts": {"path":"/home/wesleysantos/Área de Trabalho/scripts/WPBlazeTS/src/Wallet.ts","statementMap":{"0":{"start":{"line":3,"column":17},"end":{"line":3,"column":27}},"1":{"start":{"line":4,"column":17},"end":{"line":4,"column":33}},"2":{"start":{"line":5,"column":17},"end":{"line":5,"column":32}},"3":{"start":{"line":6,"column":17},"end":{"line":6,"column":38}},"4":{"start":{"line":7,"column":17},"end":{"line":7,"column":37}},"5":{"start":{"line":8,"column":17},"end":{"line":8,"column":38}},"6":{"start":{"line":9,"column":17},"end":{"line":9,"column":50}},"7":{"start":{"line":10,"column":17},"end":{"line":10,"column":35}},"8":{"start":{"line":1,"column":0},"end":{"line":1,"column":21}}},"fnMap":{"0":{"name":"(anonymous_0)","decl":{"start":{"line":2,"column":4},"end":{"line":2,"column":null}},"loc":{"start":{"line":10,"column":35},"end":{"line":11,"column":8}}}},"branchMap":{},"s":{"0":1,"1":1,"2":1,"3":1,"4":1,"5":1,"6":1,"7":1,"8":1},"f":{"0":1},"b":{}}
}
