{"/home/wesleysantos/Área de Trabalho/scripts/WPBlazeTS/src/Account.ts": {"path":"/home/wesleysantos/Área de Trabalho/scripts/WPBlazeTS/src/Account.ts","statementMap":{"0":{"start":{"line":2,"column":25},"end":{"line":2,"column":41}},"1":{"start":{"line":2,"column":52},"end":{"line":2,"column":70}},"2":{"start":{"line":1,"column":0},"end":{"line":1,"column":21}}},"fnMap":{"0":{"name":"(anonymous_0)","decl":{"start":{"line":2,"column":4},"end":{"line":2,"column":25}},"loc":{"start":{"line":2,"column":71},"end":{"line":2,"column":74}}}},"branchMap":{"0":{"loc":{"start":{"line":2,"column":52},"end":{"line":2,"column":71}},"type":"default-arg","locations":[{"start":{"line":2,"column":70},"end":{"line":2,"column":71}}]}},"s":{"0":2,"1":2,"2":1},"f":{"0":2},"b":{"0":[1]}}
,"/home/wesleysantos/Área de Trabalho/scripts/WPBlazeTS/src/Bet.ts": {"path":"/home/wesleysantos/Área de Trabalho/scripts/WPBlazeTS/src/Bet.ts","statementMap":{"0":{"start":{"line":3,"column":17},"end":{"line":3,"column":31}},"1":{"start":{"line":4,"column":17},"end":{"line":4,"column":38}},"2":{"start":{"line":5,"column":17},"end":{"line":5,"column":30}},"3":{"start":{"line":6,"column":17},"end":{"line":6,"column":34}},"4":{"start":{"line":7,"column":17},"end":{"line":7,"column":34}},"5":{"start":{"line":1,"column":0},"end":{"line":1,"column":21}}},"fnMap":{"0":{"name":"(anonymous_0)","decl":{"start":{"line":2,"column":4},"end":{"line":2,"column":null}},"loc":{"start":{"line":7,"column":34},"end":{"line":8,"column":8}}}},"branchMap":{},"s":{"0":1,"1":1,"2":1,"3":1,"4":1,"5":1},"f":{"0":1},"b":{}}
,"/home/wesleysantos/Área de Trabalho/scripts/WPBlazeTS/src/Config.ts": {"path":"/home/wesleysantos/Área de Trabalho/scripts/WPBlazeTS/src/Config.ts","statementMap":{"0":{"start":{"line":4,"column":17},"end":{"line":4,"column":48}},"1":{"start":{"line":5,"column":17},"end":{"line":5,"column":37}},"2":{"start":{"line":6,"column":17},"end":{"line":6,"column":37}},"3":{"start":{"line":7,"column":17},"end":{"line":7,"column":40}},"4":{"start":{"line":8,"column":17},"end":{"line":8,"column":38}},"5":{"start":{"line":9,"column":17},"end":{"line":9,"column":44}},"6":{"start":{"line":10,"column":17},"end":{"line":10,"column":42}},"7":{"start":{"line":2,"column":0},"end":{"line":2,"column":21}}},"fnMap":{"0":{"name":"(anonymous_0)","decl":{"start":{"line":3,"column":4},"end":{"line":3,"column":null}},"loc":{"start":{"line":10,"column":52},"end":{"line":11,"column":7}}}},"branchMap":{"0":{"loc":{"start":{"line":4,"column":17},"end":{"line":4,"column":49}},"type":"default-arg","locations":[{"start":{"line":4,"column":48},"end":{"line":4,"column":49}}]},"1":{"loc":{"start":{"line":5,"column":17},"end":{"line":5,"column":42}},"type":"default-arg","locations":[{"start":{"line":5,"column":37},"end":{"line":5,"column":42}}]},"2":{"loc":{"start":{"line":6,"column":17},"end":{"line":6,"column":38}},"type":"default-arg","locations":[{"start":{"line":6,"column":37},"end":{"line":6,"column":38}}]},"3":{"loc":{"start":{"line":7,"column":17},"end":{"line":7,"column":41}},"type":"default-arg","locations":[{"start":{"line":7,"column":40},"end":{"line":7,"column":41}}]},"4":{"loc":{"start":{"line":8,"column":17},"end":{"line":8,"column":39}},"type":"default-arg","locations":[{"start":{"line":8,"column":38},"end":{"line":8,"column":39}}]},"5":{"loc":{"start":{"line":9,"column":17},"end":{"line":9,"column":54}},"type":"default-arg","locations":[{"start":{"line":9,"column":44},"end":{"line":9,"column":54}}]},"6":{"loc":{"start":{"line":10,"column":17},"end":{"line":10,"column":52}},"type":"default-arg","locations":[{"start":{"line":10,"column":42},"end":{"line":10,"column":52}}]}},"s":{"0":10,"1":10,"2":10,"3":10,"4":10,"5":10,"6":10,"7":2},"f":{"0":10},"b":{"0":[5],"1":[5],"2":[6],"3":[9],"4":[9],"5":[9],"6":[9]}}
,"/home/wesleysantos/Área de Trabalho/scripts/WPBlazeTS/src/RiskManagement.ts": {"path":"/home/wesleysantos/Área de Trabalho/scripts/WPBlazeTS/src/RiskManagement.ts","statementMap":{"0":{"start":{"line":1,"column":0},"end":{"line":1,"column":30}},"1":{"start":{"line":8,"column":25},"end":{"line":8,"column":51}},"2":{"start":{"line":8,"column":61},"end":{"line":8,"column":78}},"3":{"start":{"line":4,"column":12},"end":{"line":4,"column":32}},"4":{"start":{"line":5,"column":12},"end":{"line":5,"column":37}},"5":{"start":{"line":6,"column":12},"end":{"line":6,"column":37}},"6":{"start":{"line":9,"column":8},"end":{"line":9,"column":39}},"7":{"start":{"line":10,"column":8},"end":{"line":10,"column":61}},"8":{"start":{"line":14,"column":8},"end":{"line":14,"column":59}},"9":{"start":{"line":18,"column":8},"end":{"line":18,"column":61}},"10":{"start":{"line":18,"column":36},"end":{"line":18,"column":61}},"11":{"start":{"line":19,"column":8},"end":{"line":19,"column":61}},"12":{"start":{"line":19,"column":36},"end":{"line":19,"column":61}},"13":{"start":{"line":20,"column":8},"end":{"line":20,"column":37}},"14":{"start":{"line":24,"column":8},"end":{"line":24,"column":28}},"15":{"start":{"line":28,"column":8},"end":{"line":28,"column":33}},"16":{"start":{"line":32,"column":8},"end":{"line":32,"column":33}},"17":{"start":{"line":36,"column":8},"end":{"line":36,"column":63}},"18":{"start":{"line":36,"column":56},"end":{"line":36,"column":63}},"19":{"start":{"line":37,"column":8},"end":{"line":37,"column":31}},"20":{"start":{"line":41,"column":8},"end":{"line":41,"column":30}},"21":{"start":{"line":45,"column":8},"end":{"line":45,"column":73}},"22":{"start":{"line":45,"column":34},"end":{"line":45,"column":73}},"23":{"start":{"line":46,"column":8},"end":{"line":46,"column":30}},"24":{"start":{"line":3,"column":0},"end":{"line":3,"column":21}}},"fnMap":{"0":{"name":"(anonymous_1)","decl":{"start":{"line":8,"column":4},"end":{"line":8,"column":25}},"loc":{"start":{"line":8,"column":90},"end":{"line":11,"column":5}}},"1":{"name":"(anonymous_2)","decl":{"start":{"line":13,"column":12},"end":{"line":13,"column":27}},"loc":{"start":{"line":13,"column":27},"end":{"line":15,"column":5}}},"2":{"name":"(anonymous_3)","decl":{"start":{"line":17,"column":11},"end":{"line":17,"column":24}},"loc":{"start":{"line":17,"column":24},"end":{"line":21,"column":5}}},"3":{"name":"(anonymous_4)","decl":{"start":{"line":23,"column":11},"end":{"line":23,"column":21}},"loc":{"start":{"line":23,"column":21},"end":{"line":25,"column":5}}},"4":{"name":"(anonymous_5)","decl":{"start":{"line":27,"column":11},"end":{"line":27,"column":25}},"loc":{"start":{"line":27,"column":25},"end":{"line":29,"column":5}}},"5":{"name":"(anonymous_6)","decl":{"start":{"line":31,"column":11},"end":{"line":31,"column":18}},"loc":{"start":{"line":31,"column":18},"end":{"line":33,"column":5}}},"6":{"name":"(anonymous_7)","decl":{"start":{"line":35,"column":11},"end":{"line":35,"column":23}},"loc":{"start":{"line":35,"column":23},"end":{"line":38,"column":5}}},"7":{"name":"(anonymous_8)","decl":{"start":{"line":40,"column":11},"end":{"line":40,"column":26}},"loc":{"start":{"line":40,"column":40},"end":{"line":42,"column":5}}},"8":{"name":"(anonymous_9)","decl":{"start":{"line":44,"column":11},"end":{"line":44,"column":26}},"loc":{"start":{"line":44,"column":40},"end":{"line":47,"column":5}}}},"branchMap":{"0":{"loc":{"start":{"line":8,"column":25},"end":{"line":8,"column":52}},"type":"default-arg","locations":[{"start":{"line":8,"column":51},"end":{"line":8,"column":52}}]},"1":{"loc":{"start":{"line":8,"column":61},"end":{"line":8,"column":90}},"type":"default-arg","locations":[{"start":{"line":8,"column":78},"end":{"line":8,"column":90}}]},"2":{"loc":{"start":{"line":18,"column":8},"end":{"line":18,"column":61}},"type":"if","locations":[{"start":{"line":18,"column":8},"end":{"line":18,"column":61}}]},"3":{"loc":{"start":{"line":19,"column":8},"end":{"line":19,"column":61}},"type":"if","locations":[{"start":{"line":19,"column":8},"end":{"line":19,"column":61}}]},"4":{"loc":{"start":{"line":36,"column":8},"end":{"line":36,"column":63}},"type":"if","locations":[{"start":{"line":36,"column":8},"end":{"line":36,"column":63}}]},"5":{"loc":{"start":{"line":45,"column":8},"end":{"line":45,"column":73}},"type":"if","locations":[{"start":{"line":45,"column":8},"end":{"line":45,"column":73}}]}},"s":{"0":1,"1":10,"2":10,"3":10,"4":10,"5":10,"6":10,"7":10,"8":2,"9":3,"10":1,"11":2,"12":1,"13":1,"14":4,"15":1,"16":2,"17":5,"18":2,"19":3,"20":1,"21":2,"22":1,"23":1,"24":1},"f":{"0":10,"1":2,"2":3,"3":4,"4":1,"5":2,"6":5,"7":1,"8":2},"b":{"0":[1],"1":[4],"2":[1],"3":[1],"4":[2],"5":[1]}}
,"/home/wesleysantos/Área de Trabalho/scripts/WPBlazeTS/src/Wallet.ts": {"path":"/home/wesleysantos/Área de Trabalho/scripts/WPBlazeTS/src/Wallet.ts","statementMap":{"0":{"start":{"line":3,"column":17},"end":{"line":3,"column":27}},"1":{"start":{"line":4,"column":17},"end":{"line":4,"column":33}},"2":{"start":{"line":5,"column":17},"end":{"line":5,"column":32}},"3":{"start":{"line":6,"column":17},"end":{"line":6,"column":38}},"4":{"start":{"line":7,"column":17},"end":{"line":7,"column":37}},"5":{"start":{"line":8,"column":17},"end":{"line":8,"column":38}},"6":{"start":{"line":9,"column":17},"end":{"line":9,"column":50}},"7":{"start":{"line":10,"column":17},"end":{"line":10,"column":35}},"8":{"start":{"line":1,"column":0},"end":{"line":1,"column":21}}},"fnMap":{"0":{"name":"(anonymous_0)","decl":{"start":{"line":2,"column":4},"end":{"line":2,"column":null}},"loc":{"start":{"line":10,"column":35},"end":{"line":11,"column":8}}}},"branchMap":{},"s":{"0":2,"1":2,"2":2,"3":2,"4":2,"5":2,"6":2,"7":2,"8":2},"f":{"0":2},"b":{}}
}
