TN:
SF:src/Account.ts
FN:2,(anonymous_0)
FNF:1
FNH:1
FNDA:2,(anonymous_0)
DA:1,1
DA:2,2
LF:2
LH:2
BRDA:2,0,0,1
BRF:1
BRH:1
end_of_record
TN:
SF:src/Bet.ts
FN:2,(anonymous_0)
FNF:1
FNH:1
FNDA:1,(anonymous_0)
DA:1,1
DA:3,1
DA:4,1
DA:5,1
DA:6,1
DA:7,1
LF:6
LH:6
BRF:0
BRH:0
end_of_record
TN:
SF:src/Config.ts
FN:3,(anonymous_0)
FNF:1
FNH:1
FNDA:15,(anonymous_0)
DA:2,2
DA:4,15
DA:5,15
DA:6,15
DA:7,15
DA:8,15
DA:9,15
DA:10,15
LF:8
LH:8
BRDA:4,0,0,2
BRDA:5,1,0,5
BRDA:6,2,0,7
BRDA:7,3,0,11
BRDA:8,4,0,12
BRDA:9,5,0,12
BRDA:10,6,0,14
BRF:7
BRH:7
end_of_record
TN:
SF:src/RiskManagement.ts
FN:9,(anonymous_1)
FN:14,(anonymous_2)
FN:24,(anonymous_3)
FN:31,(anonymous_4)
FN:36,(anonymous_5)
FN:40,(anonymous_6)
FN:44,(anonymous_7)
FN:48,(anonymous_8)
FN:52,(anonymous_9)
FN:56,(anonymous_10)
FN:60,(anonymous_11)
FN:64,(anonymous_12)
FN:68,(anonymous_13)
FN:73,(anonymous_14)
FN:77,(anonymous_15)
FNF:15
FNH:15
FNDA:14,(anonymous_1)
FNDA:3,(anonymous_2)
FNDA:10,(anonymous_3)
FNDA:1,(anonymous_4)
FNDA:4,(anonymous_5)
FNDA:10,(anonymous_6)
FNDA:1,(anonymous_7)
FNDA:2,(anonymous_8)
FNDA:4,(anonymous_9)
FNDA:4,(anonymous_10)
FNDA:2,(anonymous_11)
FNDA:1,(anonymous_12)
FNDA:8,(anonymous_13)
FNDA:2,(anonymous_14)
FNDA:9,(anonymous_15)
DA:1,1
DA:3,1
DA:4,14
DA:5,14
DA:6,14
DA:7,14
DA:9,14
DA:10,14
DA:11,14
DA:15,3
DA:16,2
DA:17,1
DA:18,1
DA:20,1
DA:21,1
DA:25,10
DA:26,9
DA:27,7
DA:28,7
DA:32,1
DA:33,1
DA:37,4
DA:41,10
DA:45,1
DA:49,2
DA:53,4
DA:57,4
DA:61,2
DA:65,1
DA:69,8
DA:70,5
DA:74,2
DA:78,9
DA:79,3
DA:80,3
DA:81,1
LF:36
LH:36
BRDA:9,0,0,1
BRDA:9,1,0,1
BRDA:15,2,0,1
BRDA:16,3,0,1
BRDA:25,4,0,1
BRDA:26,5,0,2
BRDA:31,6,0,1
BRDA:69,7,0,3
BRDA:78,8,0,6
BRDA:79,9,0,2
BRDA:79,9,1,1
BRDA:80,10,0,2
BRF:12
BRH:12
end_of_record
TN:
SF:src/Wallet.ts
FN:2,(anonymous_0)
FNF:1
FNH:1
FNDA:2,(anonymous_0)
DA:1,2
DA:3,2
DA:4,2
DA:5,2
DA:6,2
DA:7,2
DA:8,2
DA:9,2
DA:10,2
LF:9
LH:9
BRF:0
BRH:0
end_of_record
