TN:
SF:src/Account.ts
FN:2,(anonymous_0)
FNF:1
FNH:1
FNDA:2,(anonymous_0)
DA:1,1
DA:2,2
LF:2
LH:2
BRDA:2,0,0,1
BRF:1
BRH:1
end_of_record
TN:
SF:src/Bet.ts
FN:2,(anonymous_0)
FNF:1
FNH:1
FNDA:1,(anonymous_0)
DA:1,1
DA:3,1
DA:4,1
DA:5,1
DA:6,1
DA:7,1
LF:6
LH:6
BRF:0
BRH:0
end_of_record
TN:
SF:src/Config.ts
FN:3,(anonymous_0)
FNF:1
FNH:1
FNDA:10,(anonymous_0)
DA:2,2
DA:4,10
DA:5,10
DA:6,10
DA:7,10
DA:8,10
DA:9,10
DA:10,10
LF:8
LH:8
BRDA:4,0,0,5
BRDA:5,1,0,5
BRDA:6,2,0,6
BRDA:7,3,0,9
BRDA:8,4,0,9
BRDA:9,5,0,9
BRDA:10,6,0,9
BRF:7
BRH:7
end_of_record
TN:
SF:src/RiskManagement.ts
FN:8,(anonymous_1)
FN:13,(anonymous_2)
FN:17,(anonymous_3)
FN:23,(anonymous_4)
FN:27,(anonymous_5)
FN:31,(anonymous_6)
FN:35,(anonymous_7)
FN:40,(anonymous_8)
FN:44,(anonymous_9)
FNF:9
FNH:9
FNDA:10,(anonymous_1)
FNDA:2,(anonymous_2)
FNDA:3,(anonymous_3)
FNDA:4,(anonymous_4)
FNDA:1,(anonymous_5)
FNDA:2,(anonymous_6)
FNDA:5,(anonymous_7)
FNDA:1,(anonymous_8)
FNDA:2,(anonymous_9)
DA:1,1
DA:3,1
DA:4,10
DA:5,10
DA:6,10
DA:8,10
DA:9,10
DA:10,10
DA:14,2
DA:18,3
DA:19,2
DA:20,1
DA:24,4
DA:28,1
DA:32,2
DA:36,5
DA:37,3
DA:41,1
DA:45,2
DA:46,1
LF:20
LH:20
BRDA:8,0,0,1
BRDA:8,1,0,4
BRDA:18,2,0,1
BRDA:19,3,0,1
BRDA:36,4,0,2
BRDA:45,5,0,1
BRF:6
BRH:6
end_of_record
TN:
SF:src/Wallet.ts
FN:2,(anonymous_0)
FNF:1
FNH:1
FNDA:2,(anonymous_0)
DA:1,2
DA:3,2
DA:4,2
DA:5,2
DA:6,2
DA:7,2
DA:8,2
DA:9,2
DA:10,2
LF:9
LH:9
BRF:0
BRH:0
end_of_record
